# JRE version: Java(TM) SE Runtime Environment (18.0.2.1+1) (build 18.0.2.1+1-1)
# Java VM: Java HotSpot(TM) 64-Bit Server VM (18.0.2.1+1-1, mixed mode, sharing, tiered, compressed oops, compressed class ptrs, g1 gc, windows-amd64)
GC Precious Log:
 CardTable entry size: 512
 Card Set container configuration: InlinePtr #cards 5 size 8 Array Of Cards #cards 12 size 40 Howl #buckets 4 coarsen threshold 1843 Howl Bitmap #cards 512 size 80 coarsen threshold 460 Card regions per heap region 1 cards per card region 2048
 CPUs: 4 total, 4 available
 Memory: 7926M
 Large Page Support: Disabled
 NUMA Support: Disabled
 Compressed Oops: Enabled (32-bit)
 Heap Region Size: 1M
 Heap Min Capacity: 8M
 Heap Initial Capacity: 124M
 Heap Max Capacity: 1982M
 Pre-touch: Disabled
 Parallel Workers: 4
 Concurrent Workers: 1
 Concurrent Refinement Workers: 4
 Periodic GC: Disabled
Heap:
 garbage-first heap   total 92160K, used 43855K [0x0000000084200000, 0x0000000100000000)
  region size 1024K, 11 young (11264K), 3 survivors (3072K)
 Metaspace       used 74644K, committed 75264K, reserved 1179648K
  class space    used 9558K, committed 9856K, reserved 1048576K
GC Heap History (20 events):
Event: 2152.152 GC heap before
{Heap before GC invocations=22 (full 2):
 garbage-first heap   total 92160K, used 70295K [0x0000000084200000, 0x0000000100000000)
  region size 1024K, 45 young (46080K), 0 survivors (0K)
 Metaspace       used 72927K, committed 73728K, reserved 1114112K
  class space    used 9454K, committed 9856K, reserved 1048576K
}
Event: 2152.160 GC heap after
{Heap after GC invocations=23 (full 2):
 garbage-first heap   total 92160K, used 29335K [0x0000000084200000, 0x0000000100000000)
  region size 1024K, 4 young (4096K), 4 survivors (4096K)
 Metaspace       used 72927K, committed 73728K, reserved 1114112K
  class space    used 9454K, committed 9856K, reserved 1048576K
}
Event: 2320.081 GC heap before
{Heap before GC invocations=23 (full 2):
 garbage-first heap   total 92160K, used 60055K [0x0000000084200000, 0x0000000100000000)
  region size 1024K, 36 young (36864K), 4 survivors (4096K)
 Metaspace       used 73178K, committed 73856K, reserved 1114112K
  class space    used 9458K, committed 9856K, reserved 1048576K
}
Event: 2320.129 GC heap after
{Heap after GC invocations=24 (full 3):
 garbage-first heap   total 92160K, used 26922K [0x0000000084200000, 0x0000000100000000)
  region size 1024K, 0 young (0K), 0 survivors (0K)
 Metaspace       used 73175K, committed 73856K, reserved 1114112K
  class space    used 9457K, committed 9856K, reserved 1048576K
}
Event: 2369.306 GC heap before
{Heap before GC invocations=24 (full 3):
 garbage-first heap   total 92160K, used 70954K [0x0000000084200000, 0x0000000100000000)
  region size 1024K, 44 young (45056K), 0 survivors (0K)
 Metaspace       used 73624K, committed 74304K, reserved 1114112K
  class space    used 9501K, committed 9856K, reserved 1048576K
}
Event: 2369.309 GC heap after
{Heap after GC invocations=25 (full 3):
 garbage-first heap   total 92160K, used 29871K [0x0000000084200000, 0x0000000100000000)
  region size 1024K, 3 young (3072K), 3 survivors (3072K)
 Metaspace       used 73624K, committed 74304K, reserved 1114112K
  class space    used 9501K, committed 9856K, reserved 1048576K
}
Event: 2658.758 GC heap before
{Heap before GC invocations=25 (full 3):
 garbage-first heap   total 92160K, used 72879K [0x0000000084200000, 0x0000000100000000)
  region size 1024K, 45 young (46080K), 3 survivors (3072K)
 Metaspace       used 73733K, committed 74368K, reserved 1114112K
  class space    used 9510K, committed 9856K, reserved 1048576K
}
Event: 2658.766 GC heap after
{Heap after GC invocations=26 (full 3):
 garbage-first heap   total 92160K, used 32610K [0x0000000084200000, 0x0000000100000000)
  region size 1024K, 6 young (6144K), 6 survivors (6144K)
 Metaspace       used 73733K, committed 74368K, reserved 1114112K
  class space    used 9510K, committed 9856K, reserved 1048576K
}
Event: 2698.399 GC heap before
{Heap before GC invocations=26 (full 3):
 garbage-first heap   total 92160K, used 72546K [0x0000000084200000, 0x0000000100000000)
  region size 1024K, 46 young (47104K), 6 survivors (6144K)
 Metaspace       used 73915K, committed 74560K, reserved 1179648K
  class space    used 9520K, committed 9856K, reserved 1048576K
}
Event: 2698.403 GC heap after
{Heap after GC invocations=27 (full 3):
 garbage-first heap   total 92160K, used 33009K [0x0000000084200000, 0x0000000100000000)
  region size 1024K, 4 young (4096K), 4 survivors (4096K)
 Metaspace       used 73915K, committed 74560K, reserved 1179648K
  class space    used 9520K, committed 9856K, reserved 1048576K
}
Event: 2719.707 GC heap before
{Heap before GC invocations=27 (full 3):
 garbage-first heap   total 92160K, used 72945K [0x0000000084200000, 0x0000000100000000)
  region size 1024K, 43 young (44032K), 4 survivors (4096K)
 Metaspace       used 74078K, committed 74688K, reserved 1179648K
  class space    used 9530K, committed 9856K, reserved 1048576K
}
Event: 2719.712 GC heap after
{Heap after GC invocations=28 (full 3):
 garbage-first heap   total 92160K, used 32499K [0x0000000084200000, 0x0000000100000000)
  region size 1024K, 3 young (3072K), 3 survivors (3072K)
 Metaspace       used 74078K, committed 74688K, reserved 1179648K
  class space    used 9530K, committed 9856K, reserved 1048576K
}
Event: 2742.141 GC heap before
{Heap before GC invocations=28 (full 3):
 garbage-first heap   total 92160K, used 73459K [0x0000000084200000, 0x0000000100000000)
  region size 1024K, 43 young (44032K), 3 survivors (3072K)
 Metaspace       used 74354K, committed 75008K, reserved 1179648K
  class space    used 9543K, committed 9856K, reserved 1048576K
}
Event: 2742.145 GC heap after
{Heap after GC invocations=29 (full 3):
 garbage-first heap   total 92160K, used 34139K [0x0000000084200000, 0x0000000100000000)
  region size 1024K, 5 young (5120K), 5 survivors (5120K)
 Metaspace       used 74354K, committed 75008K, reserved 1179648K
  class space    used 9543K, committed 9856K, reserved 1048576K
}
Event: 2816.013 GC heap before
{Heap before GC invocations=29 (full 3):
 garbage-first heap   total 92160K, used 73051K [0x0000000084200000, 0x0000000100000000)
  region size 1024K, 43 young (44032K), 5 survivors (5120K)
 Metaspace       used 74609K, committed 75264K, reserved 1179648K
  class space    used 9554K, committed 9856K, reserved 1048576K
}
Event: 2816.017 GC heap after
{Heap after GC invocations=30 (full 3):
 garbage-first heap   total 92160K, used 35165K [0x0000000084200000, 0x0000000100000000)
  region size 1024K, 4 young (4096K), 4 survivors (4096K)
 Metaspace       used 74609K, committed 75264K, reserved 1179648K
  class space    used 9554K, committed 9856K, reserved 1048576K
}
Event: 3104.511 GC heap before
{Heap before GC invocations=30 (full 3):
 garbage-first heap   total 92160K, used 74077K [0x0000000084200000, 0x0000000100000000)
  region size 1024K, 42 young (43008K), 4 survivors (4096K)
 Metaspace       used 74609K, committed 75264K, reserved 1179648K
  class space    used 9554K, committed 9856K, reserved 1048576K
}
Event: 3104.516 GC heap after
{Heap after GC invocations=31 (full 3):
 garbage-first heap   total 92160K, used 35215K [0x0000000084200000, 0x0000000100000000)
  region size 1024K, 2 young (2048K), 2 survivors (2048K)
 Metaspace       used 74609K, committed 75264K, reserved 1179648K
  class space    used 9554K, committed 9856K, reserved 1048576K
}
Event: 3306.138 GC heap before
{Heap before GC invocations=31 (full 3):
 garbage-first heap   total 92160K, used 75151K [0x0000000084200000, 0x0000000100000000)
  region size 1024K, 41 young (41984K), 2 survivors (2048K)
 Metaspace       used 74632K, committed 75264K, reserved 1179648K
  class space    used 9557K, committed 9856K, reserved 1048576K
}
Event: 3306.144 GC heap after
{Heap after GC invocations=32 (full 3):
 garbage-first heap   total 92160K, used 36687K [0x0000000084200000, 0x0000000100000000)
  region size 1024K, 3 young (3072K), 3 survivors (3072K)
 Metaspace       used 74632K, committed 75264K, reserved 1179648K
  class space    used 9557K, committed 9856K, reserved 1048576K
}

