# JRE version: Java(TM) SE Runtime Environment (18.0.2.1+1) (build 18.0.2.1+1-1)
# Java VM: Java HotSpot(TM) 64-Bit Server VM (18.0.2.1+1-1, mixed mode, sharing, tiered, compressed oops, compressed class ptrs, g1 gc, windows-amd64)
GC Precious Log:
 CardTable entry size: 512
 Card Set container configuration: InlinePtr #cards 5 size 8 Array Of Cards #cards 12 size 40 Howl #buckets 4 coarsen threshold 1843 Howl Bitmap #cards 512 size 80 coarsen threshold 460 Card regions per heap region 1 cards per card region 2048
 CPUs: 4 total, 4 available
 Memory: 7926M
 Large Page Support: Disabled
 NUMA Support: Disabled
 Compressed Oops: Enabled (32-bit)
 Heap Region Size: 1M
 Heap Min Capacity: 8M
 Heap Initial Capacity: 124M
 Heap Max Capacity: 1982M
 Pre-touch: Disabled
 Parallel Workers: 4
 Concurrent Workers: 1
 Concurrent Refinement Workers: 4
 Periodic GC: Disabled
Heap:
 garbage-first heap   total 92160K, used 51139K [0x0000000084200000, 0x0000000100000000)
  region size 1024K, 23 young (23552K), 2 survivors (2048K)
 Metaspace       used 72068K, committed 72768K, reserved 1114112K
  class space    used 9520K, committed 9856K, reserved 1048576K
GC Heap History (20 events):
Event: 3.763 GC heap before
{Heap before GC invocations=7 (full 0):
 garbage-first heap   total 51200K, used 35471K [0x0000000084200000, 0x0000000100000000)
  region size 1024K, 20 young (20480K), 1 survivors (1024K)
 Metaspace       used 28824K, committed 29312K, reserved 1114112K
  class space    used 3592K, committed 3840K, reserved 1048576K
}
Event: 3.765 GC heap after
{Heap after GC invocations=8 (full 0):
 garbage-first heap   total 51200K, used 17938K [0x0000000084200000, 0x0000000100000000)
  region size 1024K, 2 young (2048K), 2 survivors (2048K)
 Metaspace       used 28824K, committed 29312K, reserved 1114112K
  class space    used 3592K, committed 3840K, reserved 1048576K
}
Event: 4.230 GC heap before
{Heap before GC invocations=8 (full 0):
 garbage-first heap   total 51200K, used 37394K [0x0000000084200000, 0x0000000100000000)
  region size 1024K, 21 young (21504K), 2 survivors (2048K)
 Metaspace       used 33367K, committed 33856K, reserved 1114112K
  class space    used 4255K, committed 4480K, reserved 1048576K
}
Event: 4.233 GC heap after
{Heap after GC invocations=9 (full 0):
 garbage-first heap   total 51200K, used 18967K [0x0000000084200000, 0x0000000100000000)
  region size 1024K, 3 young (3072K), 3 survivors (3072K)
 Metaspace       used 33367K, committed 33856K, reserved 1114112K
  class space    used 4255K, committed 4480K, reserved 1048576K
}
Event: 4.420 GC heap before
{Heap before GC invocations=9 (full 0):
 garbage-first heap   total 51200K, used 28183K [0x0000000084200000, 0x0000000100000000)
  region size 1024K, 13 young (13312K), 3 survivors (3072K)
 Metaspace       used 35473K, committed 35968K, reserved 1114112K
  class space    used 4633K, committed 4864K, reserved 1048576K
}
Event: 4.424 GC heap after
{Heap after GC invocations=10 (full 0):
 garbage-first heap   total 51200K, used 19423K [0x0000000084200000, 0x0000000100000000)
  region size 1024K, 2 young (2048K), 2 survivors (2048K)
 Metaspace       used 35473K, committed 35968K, reserved 1114112K
  class space    used 4633K, committed 4864K, reserved 1048576K
}
Event: 5.107 GC heap before
{Heap before GC invocations=11 (full 0):
 garbage-first heap   total 51200K, used 38879K [0x0000000084200000, 0x0000000100000000)
  region size 1024K, 21 young (21504K), 2 survivors (2048K)
 Metaspace       used 44264K, committed 44864K, reserved 1114112K
  class space    used 5657K, committed 5952K, reserved 1048576K
}
Event: 5.112 GC heap after
{Heap after GC invocations=12 (full 0):
 garbage-first heap   total 51200K, used 21353K [0x0000000084200000, 0x0000000100000000)
  region size 1024K, 3 young (3072K), 3 survivors (3072K)
 Metaspace       used 44264K, committed 44864K, reserved 1114112K
  class space    used 5657K, committed 5952K, reserved 1048576K
}
Event: 5.150 GC heap before
{Heap before GC invocations=12 (full 0):
 garbage-first heap   total 51200K, used 22377K [0x0000000084200000, 0x0000000100000000)
  region size 1024K, 4 young (4096K), 3 survivors (3072K)
 Metaspace       used 44459K, committed 45056K, reserved 1114112K
  class space    used 5699K, committed 6016K, reserved 1048576K
}
Event: 5.154 GC heap after
{Heap after GC invocations=13 (full 0):
 garbage-first heap   total 51200K, used 21315K [0x0000000084200000, 0x0000000100000000)
  region size 1024K, 1 young (1024K), 1 survivors (1024K)
 Metaspace       used 44459K, committed 45056K, reserved 1114112K
  class space    used 5699K, committed 6016K, reserved 1048576K
}
Event: 5.481 GC heap before
{Heap before GC invocations=13 (full 0):
 garbage-first heap   total 51200K, used 37699K [0x0000000084200000, 0x0000000100000000)
  region size 1024K, 18 young (18432K), 1 survivors (1024K)
 Metaspace       used 47273K, committed 47872K, reserved 1114112K
  class space    used 6042K, committed 6336K, reserved 1048576K
}
Event: 5.484 GC heap after
{Heap after GC invocations=14 (full 0):
 garbage-first heap   total 93184K, used 21898K [0x0000000084200000, 0x0000000100000000)
  region size 1024K, 1 young (1024K), 1 survivors (1024K)
 Metaspace       used 47273K, committed 47872K, reserved 1114112K
  class space    used 6042K, committed 6336K, reserved 1048576K
}
Event: 6.565 GC heap before
{Heap before GC invocations=14 (full 0):
 garbage-first heap   total 93184K, used 69002K [0x0000000084200000, 0x0000000100000000)
  region size 1024K, 49 young (50176K), 1 survivors (1024K)
 Metaspace       used 59918K, committed 60480K, reserved 1114112K
  class space    used 7845K, committed 8128K, reserved 1048576K
}
Event: 6.571 GC heap after
{Heap after GC invocations=15 (full 0):
 garbage-first heap   total 93184K, used 24701K [0x0000000084200000, 0x0000000100000000)
  region size 1024K, 4 young (4096K), 4 survivors (4096K)
 Metaspace       used 59918K, committed 60480K, reserved 1114112K
  class space    used 7845K, committed 8128K, reserved 1048576K
}
Event: 29.824 GC heap before
{Heap before GC invocations=16 (full 0):
 garbage-first heap   total 92160K, used 73853K [0x0000000084200000, 0x0000000100000000)
  region size 1024K, 52 young (53248K), 4 survivors (4096K)
 Metaspace       used 67399K, committed 68096K, reserved 1114112K
  class space    used 8941K, committed 9280K, reserved 1048576K
}
Event: 29.834 GC heap after
{Heap after GC invocations=17 (full 0):
 garbage-first heap   total 92160K, used 29486K [0x0000000084200000, 0x0000000100000000)
  region size 1024K, 7 young (7168K), 7 survivors (7168K)
 Metaspace       used 67399K, committed 68096K, reserved 1114112K
  class space    used 8941K, committed 9280K, reserved 1048576K
}
Event: 29.854 GC heap before
{Heap before GC invocations=17 (full 0):
 garbage-first heap   total 92160K, used 30510K [0x0000000084200000, 0x0000000100000000)
  region size 1024K, 8 young (8192K), 7 survivors (7168K)
 Metaspace       used 67650K, committed 68288K, reserved 1114112K
  class space    used 8973K, committed 9280K, reserved 1048576K
}
Event: 29.860 GC heap after
{Heap after GC invocations=18 (full 0):
 garbage-first heap   total 92160K, used 30439K [0x0000000084200000, 0x0000000100000000)
  region size 1024K, 1 young (1024K), 1 survivors (1024K)
 Metaspace       used 67650K, committed 68288K, reserved 1114112K
  class space    used 8973K, committed 9280K, reserved 1048576K
}
Event: 833.048 GC heap before
{Heap before GC invocations=18 (full 0):
 garbage-first heap   total 92160K, used 71399K [0x0000000084200000, 0x0000000100000000)
  region size 1024K, 42 young (43008K), 1 survivors (1024K)
 Metaspace       used 71954K, committed 72640K, reserved 1114112K
  class space    used 9515K, committed 9856K, reserved 1048576K
}
Event: 833.051 GC heap after
{Heap after GC invocations=19 (full 0):
 garbage-first heap   total 92160K, used 30659K [0x0000000084200000, 0x0000000100000000)
  region size 1024K, 2 young (2048K), 2 survivors (2048K)
 Metaspace       used 71954K, committed 72640K, reserved 1114112K
  class space    used 9515K, committed 9856K, reserved 1048576K
}

